{
  message: 'Не заполнены поля для создания поста',
  level: 'error',
  timestamp: '2024-02-12T07:21:38.742Z'
}
{
  message: 'Такой пользователь уже существует',
  level: 'error',
  timestamp: '2024-02-19T07:54:43.147Z'
}
{
  message: 'какая-то непонятная ошибка',
  level: 'error',
  timestamp: '2024-02-26T08:14:54.600Z'
}
{
  message: 'какая-то непонятная ошибка',
  level: 'error',
  timestamp: '2024-02-26T08:14:54.699Z'
}
{
  message: 'какая-то непонятная ошибка',
  level: 'error',
  timestamp: '2024-02-26T08:18:06.257Z'
}
{
  message: 'какая-то непонятная ошибка',
  level: 'error',
  timestamp: '2024-02-26T08:18:06.261Z'
}
